<?xml version="1.0" encoding="UTF-8"?>
<!-- Generated by org.testng.reporters.JUnitReportReporter -->
<testsuite skipped="0" hostname="7JYZXTMLZ4PZZPL" name="Run.Runtest" tests="1" failures="0" timestamp="20 五月 2019 06:15:19 GMT" time="25.630" errors="0">
  <testcase name="feature" time="25.630" classname="Run.Runtest"/>
</testsuite> <!-- Run.Runtest -->
